<?xml version="1.0" encoding="UTF-8"?>
<!-- Generated by org.testng.reporters.JUnitReportReporter -->
<testsuite hostname="DESKTOP-5DD129N" failures="0" tests="1" name="Academy.E2E.LauchURL" time="28.214" errors="0" timestamp="2022-05-25T14:52:05 IST" skipped="0">
  <testcase classname="Academy.E2E.LauchURL" name="launchurl" time="28.214"/>
  <system-out/>
</testsuite> <!-- Academy.E2E.LauchURL -->
