<?xml version="1.0" encoding="UTF-8"?>
<!-- Generated by org.testng.reporters.JUnitReportReporter -->
<testsuite hostname="DESKTOP-5DD129N" failures="0" tests="1" name="Academy.E2E.TestCase" time="0.096" errors="0" timestamp="2022-05-28T14:46:10 IST" skipped="0">
  <testcase classname="Academy.E2E.TestCase" name="pagenavigation" time="0.096"/>
  <system-out/>
</testsuite> <!-- Academy.E2E.TestCase -->
